c:\users\administrator\source\repos\honoi towers\honoi towers\debug\vc142.pdb
c:\users\administrator\source\repos\honoi towers\honoi towers\debug\.netframework,version=v4.7.2.assemblyattributes.obj
c:\users\administrator\source\repos\honoi towers\honoi towers\debug\myform.obj
c:\users\administrator\source\repos\honoi towers\honoi towers\debug\game.obj
c:\users\administrator\source\repos\honoi towers\debug\windowsbase.dll
c:\users\administrator\source\repos\honoi towers\debug\ru\windowsbase.resources.dll
c:\users\administrator\source\repos\honoi towers\honoi towers\debug\honoitowers.game.resources
c:\users\administrator\source\repos\honoi towers\honoi towers\debug\honoitowers.myform.resources
c:\users\administrator\source\repos\honoi towers\debug\honoi towers.exe
c:\users\administrator\source\repos\honoi towers\debug\honoi towers.pdb
c:\users\administrator\source\repos\honoi towers\honoi towers\debug\honoi towers.tlog\cl.command.1.tlog
c:\users\administrator\source\repos\honoi towers\honoi towers\debug\honoi towers.tlog\cl.read.1.tlog
c:\users\administrator\source\repos\honoi towers\honoi towers\debug\honoi towers.tlog\cl.write.1.tlog
c:\users\administrator\source\repos\honoi towers\honoi towers\debug\honoi towers.tlog\copylocal.read.1u.tlog
c:\users\administrator\source\repos\honoi towers\honoi towers\debug\honoi towers.tlog\copylocal.write.1u.tlog
c:\users\administrator\source\repos\honoi towers\honoi towers\debug\honoi towers.tlog\honoi towers.write.1u.tlog
c:\users\administrator\source\repos\honoi towers\honoi towers\debug\honoi towers.tlog\link.command.1.tlog
c:\users\administrator\source\repos\honoi towers\honoi towers\debug\honoi towers.tlog\link.read.1.tlog
c:\users\administrator\source\repos\honoi towers\honoi towers\debug\honoi towers.tlog\link.write.1.tlog
c:\users\administrator\source\repos\honoi towers\honoi towers\debug\honoi towers.tlog\metagen.read.1.tlog
c:\users\administrator\source\repos\honoi towers\honoi towers\debug\honoi towers.tlog\metagen.write.1.tlog
